<?xml version="1.0" encoding="UTF-8"?>
<testsuite xmlns:xsi="http://www.w3.org/2001/XMLSchema-instance" xsi:noNamespaceSchemaLocation="https://maven.apache.org/surefire/maven-surefire-plugin/xsd/surefire-test-report-3.0.xsd" version="3.0" name="com.tlaxcala.mediappbackend.MediappBackendApplicationTests" time="24.499" tests="1" errors="0" skipped="0" failures="0">
  <properties>
[...]
</properties>
  <testcase name="contextLoads" classname="com.tlaxcala.mediappbackend.MediappBackendApplicationTests" time="1.323">
    <system-out><![CDATA[23:27:27.573 [main] INFO org.springframework.test.context.support.AnnotationConfigContextLoaderUtils -- Could not detect default configuration classes for test class [com.tlaxcala.mediappbackend.MediappBackendApplicationTests]: MediappBackendApplicationTests does not declare any static, non-private, non-final, nested classes annotated with @Configuration.
23:27:27.932 [main] INFO org.springframework.boot.test.context.SpringBootTestContextBootstrapper -- Found @SpringBootConfiguration com.tlaxcala.MediappBackend for test class com.tlaxcala.mediappbackend.MediappBackendApplicationTests
 |_   _|   | |    __ _    __ __    __     __ _     | |    __ _   
   | |     | |   / _` |   \ \ /   / _|   / _` |    | |   / _` |  
  _|_|_   _|_|_  \__,_|   /_\_\   \__|_  \__,_|   _|_|_  \__,_|  
_|"""""|_|"""""|_|"""""|_|"""""|_|"""""|_|"""""|_|"""""|_|"""""| 
"`-0-0-'"`-0-0-'"`-0-0-'"`-0-0-'"`-0-0-'"`-0-0-'"`-0-0-'"`-0-0-'
2024-02-07T23:27:29.271-05:00  INFO 9674 --- [           main] c.t.m.MediappBackendApplicationTests     : Starting MediappBackendApplicationTests using Java 19.0.2 with PID 9674 (started by macjeison in /Volumes/MacOS - Datos/Almacenamiento Local/Desarrollo/Escalab-Project/mediapp-back-spring)
2024-02-07T23:27:29.284-05:00  INFO 9674 --- [           main] c.t.m.MediappBackendApplicationTests     : No active profile set, falling back to 1 default profile: "default"
2024-02-07T23:27:32.645-05:00  INFO 9674 --- [           main] .s.d.r.c.RepositoryConfigurationDelegate : Bootstrapping Spring Data JPA repositories in DEFAULT mode.
2024-02-07T23:27:33.241-05:00  INFO 9674 --- [           main] .s.d.r.c.RepositoryConfigurationDelegate : Finished Spring Data repository scanning in 485 ms. Found 9 JPA repository interfaces.
2024-02-07T23:27:34.189-05:00  INFO 9674 --- [           main] ptablePropertiesBeanFactoryPostProcessor : Post-processing PropertySource instances
2024-02-07T23:27:34.191-05:00  INFO 9674 --- [           main] c.u.j.EncryptablePropertySourceConverter : Skipping PropertySource configurationProperties [class org.springframework.boot.context.properties.source.ConfigurationPropertySourcesPropertySource
2024-02-07T23:27:34.203-05:00  INFO 9674 --- [           main] c.u.j.EncryptablePropertySourceConverter : Converting PropertySource test [org.springframework.core.env.MapPropertySource] to EncryptableMapPropertySourceWrapper
2024-02-07T23:27:34.203-05:00  INFO 9674 --- [           main] c.u.j.EncryptablePropertySourceConverter : Converting PropertySource Inlined Test Properties [org.springframework.core.env.MapPropertySource] to EncryptableMapPropertySourceWrapper
2024-02-07T23:27:34.204-05:00  INFO 9674 --- [           main] c.u.j.EncryptablePropertySourceConverter : Skipping PropertySource servletConfigInitParams [class org.springframework.core.env.PropertySource$StubPropertySource
2024-02-07T23:27:34.205-05:00  INFO 9674 --- [           main] c.u.j.EncryptablePropertySourceConverter : Converting PropertySource servletContextInitParams [org.springframework.web.context.support.ServletContextPropertySource] to EncryptableEnumerablePropertySourceWrapper
2024-02-07T23:27:34.206-05:00  INFO 9674 --- [           main] c.u.j.EncryptablePropertySourceConverter : Converting PropertySource systemProperties [org.springframework.core.env.PropertiesPropertySource] to EncryptableMapPropertySourceWrapper
2024-02-07T23:27:34.206-05:00  INFO 9674 --- [           main] c.u.j.EncryptablePropertySourceConverter : Converting PropertySource systemEnvironment [org.springframework.boot.env.SystemEnvironmentPropertySourceEnvironmentPostProcessor$OriginAwareSystemEnvironmentPropertySource] to EncryptableSystemEnvironmentPropertySourceWrapper
2024-02-07T23:27:34.207-05:00  INFO 9674 --- [           main] c.u.j.EncryptablePropertySourceConverter : Converting PropertySource random [org.springframework.boot.env.RandomValuePropertySource] to EncryptablePropertySourceWrapper
2024-02-07T23:27:34.207-05:00  INFO 9674 --- [           main] c.u.j.EncryptablePropertySourceConverter : Converting PropertySource cachedrandom [org.springframework.cloud.util.random.CachedRandomPropertySource] to EncryptablePropertySourceWrapper
2024-02-07T23:27:34.207-05:00  INFO 9674 --- [           main] c.u.j.EncryptablePropertySourceConverter : Converting PropertySource springCloudClientHostInfo [org.springframework.core.env.MapPropertySource] to EncryptableMapPropertySourceWrapper
2024-02-07T23:27:34.208-05:00  INFO 9674 --- [           main] c.u.j.EncryptablePropertySourceConverter : Converting PropertySource Config resource 'class path resource [application.properties]' via location 'optional:classpath:/' [org.springframework.boot.env.OriginTrackedMapPropertySource] to EncryptableMapPropertySourceWrapper
2024-02-07T23:27:35.149-05:00  INFO 9674 --- [           main] c.u.j.filter.DefaultLazyPropertyFilter   : Property Filter custom Bean not found with name 'encryptablePropertyFilter'. Initializing Default Property Filter
2024-02-07T23:27:35.193-05:00  INFO 9674 --- [           main] c.u.j.r.DefaultLazyPropertyResolver      : Property Resolver custom Bean not found with name 'encryptablePropertyResolver'. Initializing Default Property Resolver
2024-02-07T23:27:35.199-05:00  INFO 9674 --- [           main] c.u.j.d.DefaultLazyPropertyDetector      : Property Detector custom Bean not found with name 'encryptablePropertyDetector'. Initializing Default Property Detector
2024-02-07T23:27:35.259-05:00  INFO 9674 --- [           main] c.u.j.encryptor.DefaultLazyEncryptor     : String Encryptor custom Bean not found with name 'jasyptStringEncryptor'. Initializing Default String Encryptor
2024-02-07T23:27:35.316-05:00  INFO 9674 --- [           main] c.u.j.c.StringEncryptorBuilder           : Encryptor config not found for property jasypt.encryptor.key-obtention-iterations, using default value: 1000
2024-02-07T23:27:35.318-05:00  INFO 9674 --- [           main] c.u.j.c.StringEncryptorBuilder           : Encryptor config not found for property jasypt.encryptor.pool-size, using default value: 1
2024-02-07T23:27:35.319-05:00  INFO 9674 --- [           main] c.u.j.c.StringEncryptorBuilder           : Encryptor config not found for property jasypt.encryptor.provider-name, using default value: null
2024-02-07T23:27:35.319-05:00  INFO 9674 --- [           main] c.u.j.c.StringEncryptorBuilder           : Encryptor config not found for property jasypt.encryptor.provider-class-name, using default value: null
2024-02-07T23:27:35.321-05:00  INFO 9674 --- [           main] c.u.j.c.StringEncryptorBuilder           : Encryptor config not found for property jasypt.encryptor.salt-generator-classname, using default value: org.jasypt.salt.RandomSaltGenerator
2024-02-07T23:27:35.328-05:00  INFO 9674 --- [           main] c.u.j.c.StringEncryptorBuilder           : Encryptor config not found for property jasypt.encryptor.string-output-type, using default value: base64
2024-02-07T23:27:36.306-05:00  INFO 9674 --- [           main] o.hibernate.jpa.internal.util.LogHelper  : HHH000204: Processing PersistenceUnitInfo [name: default]
2024-02-07T23:27:36.584-05:00  INFO 9674 --- [           main] org.hibernate.Version                    : HHH000412: Hibernate ORM core version 6.2.13.Final
2024-02-07T23:27:36.592-05:00  INFO 9674 --- [           main] org.hibernate.cfg.Environment            : HHH000406: Using bytecode reflection optimizer
2024-02-07T23:27:37.372-05:00  INFO 9674 --- [           main] o.s.o.j.p.SpringPersistenceUnitInfo      : No LoadTimeWeaver setup: ignoring JPA class transformer
2024-02-07T23:27:37.437-05:00  INFO 9674 --- [           main] com.zaxxer.hikari.HikariDataSource       : HikariPool-1 - Starting...
2024-02-07T23:27:37.978-05:00  INFO 9674 --- [           main] com.zaxxer.hikari.pool.HikariPool        : HikariPool-1 - Added connection org.postgresql.jdbc.PgConnection@708dfe10
2024-02-07T23:27:37.982-05:00  INFO 9674 --- [           main] com.zaxxer.hikari.HikariDataSource       : HikariPool-1 - Start completed.
2024-02-07T23:27:38.087-05:00  WARN 9674 --- [           main] org.hibernate.orm.deprecation            : HHH90000025: PostgreSQLDialect does not need to be specified explicitly using 'hibernate.dialect' (remove the property setting and it will be selected by default)
2024-02-07T23:27:43.132-05:00  INFO 9674 --- [           main] o.h.e.t.j.p.i.JtaPlatformInitiator       : HHH000489: No JTA platform available (set 'hibernate.transaction.jta.platform' to enable JTA platform integration)
2024-02-07T23:27:43.499-05:00  INFO 9674 --- [           main] j.LocalContainerEntityManagerFactoryBean : Initialized JPA EntityManagerFactory for persistence unit 'default'
2024-02-07T23:27:44.506-05:00  INFO 9674 --- [           main] o.s.d.j.r.query.QueryEnhancerFactory     : Hibernate is in classpath; If applicable, HQL parser will be used.
2024-02-07T23:27:48.123-05:00  WARN 9674 --- [           main] JpaBaseConfiguration$JpaWebConfiguration : spring.jpa.open-in-view is enabled by default. Therefore, database queries may be performed during view rendering. Explicitly configure spring.jpa.open-in-view to disable this warning
2024-02-07T23:27:48.584-05:00  INFO 9674 --- [           main] o.s.s.web.DefaultSecurityFilterChain     : Will secure any request with [org.springframework.security.web.session.DisableEncodeUrlFilter@70cc0601, org.springframework.security.web.context.request.async.WebAsyncManagerIntegrationFilter@4b27a3fc, org.springframework.security.web.context.SecurityContextHolderFilter@22eccd2c, org.springframework.security.web.header.HeaderWriterFilter@631990cc, org.springframework.security.web.authentication.logout.LogoutFilter@72788282, com.tlaxcala.security.JwtRequestFilter@61b3de5b, org.springframework.security.web.authentication.www.BasicAuthenticationFilter@7fc8930f, org.springframework.security.web.savedrequest.RequestCacheAwareFilter@5d39797a, org.springframework.security.web.servletapi.SecurityContextHolderAwareRequestFilter@2f0765f7, org.springframework.security.web.authentication.AnonymousAuthenticationFilter@22b0fe7e, org.springframework.security.web.access.ExceptionTranslationFilter@19710bd9, org.springframework.security.web.access.intercept.AuthorizationFilter@79e2aa2d]
2024-02-07T23:27:50.063-05:00  INFO 9674 --- [           main] c.t.m.MediappBackendApplicationTests     : Started MediappBackendApplicationTests in 21.8 seconds (process running for 24.906)
]]></system-out>
  </testcase>
</testsuite>