<?xml version="1.0" encoding="UTF-8"?>
<testsuite xmlns:xsi="http://www.w3.org/2001/XMLSchema-instance" xsi:noNamespaceSchemaLocation="https://maven.apache.org/surefire/maven-surefire-plugin/xsd/surefire-test-report-3.0.xsd" version="3.0" name="com.tlaxcala.mediappbackend.MediappBackendApplicationTests" time="15.237" tests="1" errors="0" skipped="0" failures="0">
  <properties>
[...]
</properties>
  <testcase name="contextLoads" classname="com.tlaxcala.mediappbackend.MediappBackendApplicationTests" time="1.665">
    <system-out><![CDATA[14:41:51.702 [main] INFO org.springframework.test.context.support.AnnotationConfigContextLoaderUtils -- Could not detect default configuration classes for test class [com.tlaxcala.mediappbackend.MediappBackendApplicationTests]: MediappBackendApplicationTests does not declare any static, non-private, non-final, nested classes annotated with @Configuration.
14:41:51.880 [main] INFO org.springframework.boot.test.context.SpringBootTestContextBootstrapper -- Found @SpringBootConfiguration com.tlaxcala.MediappBackend for test class com.tlaxcala.mediappbackend.MediappBackendApplicationTests
 |_   _|   | |    __ _    __ __    __     __ _     | |    __ _   
   | |     | |   / _` |   \ \ /   / _|   / _` |    | |   / _` |  
  _|_|_   _|_|_  \__,_|   /_\_\   \__|_  \__,_|   _|_|_  \__,_|  
_|"""""|_|"""""|_|"""""|_|"""""|_|"""""|_|"""""|_|"""""|_|"""""| 
"`-0-0-'"`-0-0-'"`-0-0-'"`-0-0-'"`-0-0-'"`-0-0-'"`-0-0-'"`-0-0-'
2024-02-08T14:41:53.221-05:00  INFO 15168 --- [           main] c.t.m.MediappBackendApplicationTests     : Starting MediappBackendApplicationTests using Java 19.0.2 with PID 15168 (started by jeison.alarcon in C:\Users\jeison.alarcon\Downloads\Escalab\Escalab-Project\mediapp-back-spring)
2024-02-08T14:41:53.223-05:00  INFO 15168 --- [           main] c.t.m.MediappBackendApplicationTests     : No active profile set, falling back to 1 default profile: "default"
2024-02-08T14:41:54.817-05:00  INFO 15168 --- [           main] .s.d.r.c.RepositoryConfigurationDelegate : Bootstrapping Spring Data JPA repositories in DEFAULT mode.
2024-02-08T14:41:55.288-05:00  INFO 15168 --- [           main] .s.d.r.c.RepositoryConfigurationDelegate : Finished Spring Data repository scanning in 456 ms. Found 9 JPA repository interfaces.
2024-02-08T14:41:56.025-05:00  INFO 15168 --- [           main] ptablePropertiesBeanFactoryPostProcessor : Post-processing PropertySource instances
2024-02-08T14:41:56.026-05:00  INFO 15168 --- [           main] c.u.j.EncryptablePropertySourceConverter : Skipping PropertySource configurationProperties [class org.springframework.boot.context.properties.source.ConfigurationPropertySourcesPropertySource
2024-02-08T14:41:56.031-05:00  INFO 15168 --- [           main] c.u.j.EncryptablePropertySourceConverter : Converting PropertySource test [org.springframework.core.env.MapPropertySource] to EncryptableMapPropertySourceWrapper
2024-02-08T14:41:56.031-05:00  INFO 15168 --- [           main] c.u.j.EncryptablePropertySourceConverter : Converting PropertySource Inlined Test Properties [org.springframework.core.env.MapPropertySource] to EncryptableMapPropertySourceWrapper
2024-02-08T14:41:56.031-05:00  INFO 15168 --- [           main] c.u.j.EncryptablePropertySourceConverter : Skipping PropertySource servletConfigInitParams [class org.springframework.core.env.PropertySource$StubPropertySource
2024-02-08T14:41:56.031-05:00  INFO 15168 --- [           main] c.u.j.EncryptablePropertySourceConverter : Converting PropertySource servletContextInitParams [org.springframework.web.context.support.ServletContextPropertySource] to EncryptableEnumerablePropertySourceWrapper
2024-02-08T14:41:56.031-05:00  INFO 15168 --- [           main] c.u.j.EncryptablePropertySourceConverter : Converting PropertySource systemProperties [org.springframework.core.env.PropertiesPropertySource] to EncryptableMapPropertySourceWrapper
2024-02-08T14:41:56.032-05:00  INFO 15168 --- [           main] c.u.j.EncryptablePropertySourceConverter : Converting PropertySource systemEnvironment [org.springframework.boot.env.SystemEnvironmentPropertySourceEnvironmentPostProcessor$OriginAwareSystemEnvironmentPropertySource] to EncryptableSystemEnvironmentPropertySourceWrapper
2024-02-08T14:41:56.032-05:00  INFO 15168 --- [           main] c.u.j.EncryptablePropertySourceConverter : Converting PropertySource random [org.springframework.boot.env.RandomValuePropertySource] to EncryptablePropertySourceWrapper
2024-02-08T14:41:56.032-05:00  INFO 15168 --- [           main] c.u.j.EncryptablePropertySourceConverter : Converting PropertySource cachedrandom [org.springframework.cloud.util.random.CachedRandomPropertySource] to EncryptablePropertySourceWrapper
2024-02-08T14:41:56.033-05:00  INFO 15168 --- [           main] c.u.j.EncryptablePropertySourceConverter : Converting PropertySource springCloudClientHostInfo [org.springframework.core.env.MapPropertySource] to EncryptableMapPropertySourceWrapper
2024-02-08T14:41:56.033-05:00  INFO 15168 --- [           main] c.u.j.EncryptablePropertySourceConverter : Converting PropertySource Config resource 'class path resource [application.properties]' via location 'optional:classpath:/' [org.springframework.boot.env.OriginTrackedMapPropertySource] to EncryptableMapPropertySourceWrapper
2024-02-08T14:41:56.407-05:00  INFO 15168 --- [           main] c.u.j.filter.DefaultLazyPropertyFilter   : Property Filter custom Bean not found with name 'encryptablePropertyFilter'. Initializing Default Property Filter
2024-02-08T14:41:56.442-05:00  INFO 15168 --- [           main] c.u.j.r.DefaultLazyPropertyResolver      : Property Resolver custom Bean not found with name 'encryptablePropertyResolver'. Initializing Default Property Resolver
2024-02-08T14:41:56.445-05:00  INFO 15168 --- [           main] c.u.j.d.DefaultLazyPropertyDetector      : Property Detector custom Bean not found with name 'encryptablePropertyDetector'. Initializing Default Property Detector
2024-02-08T14:41:56.459-05:00  INFO 15168 --- [           main] c.u.j.encryptor.DefaultLazyEncryptor     : String Encryptor custom Bean not found with name 'jasyptStringEncryptor'. Initializing Default String Encryptor
2024-02-08T14:41:56.483-05:00  INFO 15168 --- [           main] c.u.j.c.StringEncryptorBuilder           : Encryptor config not found for property jasypt.encryptor.key-obtention-iterations, using default value: 1000
2024-02-08T14:41:56.484-05:00  INFO 15168 --- [           main] c.u.j.c.StringEncryptorBuilder           : Encryptor config not found for property jasypt.encryptor.pool-size, using default value: 1
2024-02-08T14:41:56.484-05:00  INFO 15168 --- [           main] c.u.j.c.StringEncryptorBuilder           : Encryptor config not found for property jasypt.encryptor.provider-name, using default value: null
2024-02-08T14:41:56.485-05:00  INFO 15168 --- [           main] c.u.j.c.StringEncryptorBuilder           : Encryptor config not found for property jasypt.encryptor.provider-class-name, using default value: null
2024-02-08T14:41:56.486-05:00  INFO 15168 --- [           main] c.u.j.c.StringEncryptorBuilder           : Encryptor config not found for property jasypt.encryptor.salt-generator-classname, using default value: org.jasypt.salt.RandomSaltGenerator
2024-02-08T14:41:56.491-05:00  INFO 15168 --- [           main] c.u.j.c.StringEncryptorBuilder           : Encryptor config not found for property jasypt.encryptor.string-output-type, using default value: base64
2024-02-08T14:41:56.828-05:00  INFO 15168 --- [           main] o.hibernate.jpa.internal.util.LogHelper  : HHH000204: Processing PersistenceUnitInfo [name: default]
2024-02-08T14:41:56.997-05:00  INFO 15168 --- [           main] org.hibernate.Version                    : HHH000412: Hibernate ORM core version 6.2.13.Final
2024-02-08T14:41:57.002-05:00  INFO 15168 --- [           main] org.hibernate.cfg.Environment            : HHH000406: Using bytecode reflection optimizer
2024-02-08T14:41:57.603-05:00  INFO 15168 --- [           main] o.s.o.j.p.SpringPersistenceUnitInfo      : No LoadTimeWeaver setup: ignoring JPA class transformer
2024-02-08T14:41:57.656-05:00  INFO 15168 --- [           main] com.zaxxer.hikari.HikariDataSource       : HikariPool-1 - Starting...
2024-02-08T14:41:57.900-05:00  INFO 15168 --- [           main] com.zaxxer.hikari.pool.HikariPool        : HikariPool-1 - Added connection org.postgresql.jdbc.PgConnection@2d9de284
2024-02-08T14:41:57.903-05:00  INFO 15168 --- [           main] com.zaxxer.hikari.HikariDataSource       : HikariPool-1 - Start completed.
2024-02-08T14:41:57.956-05:00  WARN 15168 --- [           main] org.hibernate.orm.deprecation            : HHH90000025: PostgreSQLDialect does not need to be specified explicitly using 'hibernate.dialect' (remove the property setting and it will be selected by default)
2024-02-08T14:42:00.525-05:00  INFO 15168 --- [           main] o.h.e.t.j.p.i.JtaPlatformInitiator       : HHH000489: No JTA platform available (set 'hibernate.transaction.jta.platform' to enable JTA platform integration)
2024-02-08T14:42:00.924-05:00  INFO 15168 --- [           main] j.LocalContainerEntityManagerFactoryBean : Initialized JPA EntityManagerFactory for persistence unit 'default'
2024-02-08T14:42:01.457-05:00  INFO 15168 --- [           main] o.s.d.j.r.query.QueryEnhancerFactory     : Hibernate is in classpath; If applicable, HQL parser will be used.
2024-02-08T14:42:03.727-05:00  WARN 15168 --- [           main] JpaBaseConfiguration$JpaWebConfiguration : spring.jpa.open-in-view is enabled by default. Therefore, database queries may be performed during view rendering. Explicitly configure spring.jpa.open-in-view to disable this warning
2024-02-08T14:42:04.008-05:00  INFO 15168 --- [           main] o.s.s.web.DefaultSecurityFilterChain     : Will secure any request with [org.springframework.security.web.session.DisableEncodeUrlFilter@6565691a, org.springframework.security.web.context.request.async.WebAsyncManagerIntegrationFilter@1a5b8f77, org.springframework.security.web.context.SecurityContextHolderFilter@6de6467a, org.springframework.security.web.header.HeaderWriterFilter@35e55afa, org.springframework.security.web.authentication.logout.LogoutFilter@746fda68, com.tlaxcala.security.JwtRequestFilter@6bd21eb7, org.springframework.security.web.authentication.www.BasicAuthenticationFilter@c1e7bea, org.springframework.security.web.savedrequest.RequestCacheAwareFilter@7aadb5e8, org.springframework.security.web.servletapi.SecurityContextHolderAwareRequestFilter@308a2eb0, org.springframework.security.web.authentication.AnonymousAuthenticationFilter@385ff04e, org.springframework.security.web.access.ExceptionTranslationFilter@1bc41170, org.springframework.security.web.access.intercept.AuthorizationFilter@491cceb4]
2024-02-08T14:42:04.906-05:00  INFO 15168 --- [           main] c.t.m.MediappBackendApplicationTests     : Started MediappBackendApplicationTests in 12.763 seconds (process running for 14.573)
]]></system-out>
  </testcase>
</testsuite>